<?xml version="1.0" encoding="UTF-8"?>
<testng-results ignored="0" total="1" passed="1" failed="0" skipped="0">
  <reporter-output>
  </reporter-output>
  <suite started-at="2022-08-02T04:34:44Z" name="Default suite" finished-at="2022-08-02T04:35:12Z" duration-ms="28198">
    <groups>
      <group name="cucumber">
        <method signature="AbstractTestNGCucumberTests.runScenario(io.cucumber.testng.PickleWrapper, io.cucumber.testng.FeatureWrapper)[pri:0, instance:resource.Features.TestRunner@2c07545f]" name="runScenario" class="io.cucumber.testng.AbstractTestNGCucumberTests"/>
      </group> <!-- cucumber -->
    </groups>
    <test started-at="2022-08-02T04:34:44Z" name="Default test" finished-at="2022-08-02T04:35:12Z" duration-ms="28198">
      <class name="resource.Features.TestRunner">
        <test-method is-config="true" signature="setUpClass(org.testng.ITestContext)[pri:0, instance:resource.Features.TestRunner@2c07545f]" started-at="2022-08-02T04:34:44Z" name="setUpClass" finished-at="2022-08-02T04:34:44Z" duration-ms="234" status="PASS">
          <params>
            <param index="0">
              <value>
                <![CDATA[org.testng.TestRunner@b0fc838]]>
              </value>
            </param>
          </params>
          <reporter-output>
          </reporter-output>
        </test-method> <!-- setUpClass -->
        <test-method is-config="true" signature="Setup()[pri:0, instance:resource.Features.TestRunner@2c07545f]" started-at="2022-08-02T04:34:44Z" name="Setup" finished-at="2022-08-02T04:34:57Z" duration-ms="13588" status="PASS">
          <reporter-output>
          </reporter-output>
        </test-method> <!-- Setup -->
        <test-method signature="runScenario(io.cucumber.testng.PickleWrapper, io.cucumber.testng.FeatureWrapper)[pri:0, instance:resource.Features.TestRunner@2c07545f]" started-at="2022-08-02T04:34:57Z" name="runScenario" description="Runs Cucumber Scenarios" data-provider="scenarios" finished-at="2022-08-02T04:35:12Z" duration-ms="14342" status="PASS">
          <params>
            <param index="0">
              <value>
                <![CDATA["CART TRANSACTION"]]>
              </value>
            </param>
            <param index="1">
              <value>
                <![CDATA["Optional[Login scenarios]"]]>
              </value>
            </param>
          </params>
          <reporter-output>
          </reporter-output>
        </test-method> <!-- runScenario -->
        <test-method is-config="true" signature="tearDownClass()[pri:0, instance:resource.Features.TestRunner@2c07545f]" started-at="2022-08-02T04:35:12Z" name="tearDownClass" finished-at="2022-08-02T04:35:12Z" duration-ms="13" status="PASS">
          <reporter-output>
          </reporter-output>
        </test-method> <!-- tearDownClass -->
      </class> <!-- resource.Features.TestRunner -->
    </test> <!-- Default test -->
  </suite> <!-- Default suite -->
</testng-results>
