<?xml version="1.0" encoding="UTF-8"?>
<!-- Generated by org.testng.reporters.JUnitReportReporter -->
<testsuite hostname="MAVLT1218" failures="0" tests="1" name="StepDefinations.Login_StepDef" time="26.966" errors="1" timestamp="01 Aug 2022 15:41:29 GMT" skipped="0">
  <testcase classname="StepDefinations.Login_StepDef" name="runScenario" time="26.966">
    <error message="Unresolved compilation problems: 
	Syntax error, insert &quot;VariableDeclarators&quot; to complete LocalVariableDeclaration
	Syntax error, insert &quot;;&quot; to complete LocalVariableDeclarationStatement
	void is an invalid type for the variable $missing$
	Syntax error on tokens, delete these tokens
" type="java.lang.Error">
      <![CDATA[java.lang.Error: Unresolved compilation problems: 
Syntax error, insert "VariableDeclarators" to complete LocalVariableDeclaration
Syntax error, insert ";" to complete LocalVariableDeclarationStatement
void is an invalid type for the variable $missing$
Syntax error on tokens, delete these tokens

at StepDefinations.Login_StepDef.scroll_the_products(Login_StepDef.java:181)
at ✽.Scroll the products(file:///C:/Users/vijaykumary/Downloads/Appium_Training/Appium_Training/src/test/java/resource/Features/Login.feature:44)
]]>
    </error>
  </testcase> <!-- runScenario -->
</testsuite> <!-- StepDefinations.Login_StepDef -->
